Performing C++ SOURCE FILE Test CMAKE_HAVE_LIBC_PTHREAD failed with the following output:
Change Dir: C:/Users/Price/Desktop/Codes/21_DSCourseProject_CampusGuide/build/CMakeFiles/CMakeTmp

Run Build Command(s):C:/PROGRA~1/MINGW-~1/X86_64~1.0-W/mingw64/bin/mingw32-make.exe cmTC_bb2ab/fast && C:/PROGRA~1/MINGW-~1/X86_64~1.0-W/mingw64/bin/mingw32-make.exe  -f CMakeFiles\cmTC_bb2ab.dir\build.make CMakeFiles/cmTC_bb2ab.dir/build
mingw32-make.exe[1]: Entering directory 'C:/Users/Price/Desktop/Codes/21_DSCourseProject_CampusGuide/build/CMakeFiles/CMakeTmp'
Building CXX object CMakeFiles/cmTC_bb2ab.dir/src.cxx.obj
C:\PROGRA~1\MINGW-~1\X86_64~1.0-W\mingw64\bin\X86_64~2.EXE -DCMAKE_HAVE_LIBC_PTHREAD  -std=gnu++11 -o CMakeFiles\cmTC_bb2ab.dir\src.cxx.obj -c C:\Users\Price\Desktop\Codes\21_DSCourseProject_CampusGuide\build\CMakeFiles\CMakeTmp\src.cxx
Linking CXX executable cmTC_bb2ab.exe
"C:\Program Files\CMake\bin\cmake.exe" -E cmake_link_script CMakeFiles\cmTC_bb2ab.dir\link.txt --verbose=1
"C:\Program Files\CMake\bin\cmake.exe" -E rm -f CMakeFiles\cmTC_bb2ab.dir/objects.a
C:\PROGRA~1\MINGW-~1\X86_64~1.0-W\mingw64\bin\ar.exe cr CMakeFiles\cmTC_bb2ab.dir/objects.a @CMakeFiles\cmTC_bb2ab.dir\objects1.rsp
C:\PROGRA~1\MINGW-~1\X86_64~1.0-W\mingw64\bin\X86_64~2.EXE -Wl,--whole-archive CMakeFiles\cmTC_bb2ab.dir/objects.a -Wl,--no-whole-archive -o cmTC_bb2ab.exe -Wl,--out-implib,libcmTC_bb2ab.dll.a -Wl,--major-image-version,0,--minor-image-version,0 @CMakeFiles\cmTC_bb2ab.dir\linklibs.rsp
CMakeFiles\cmTC_bb2ab.dir/objects.a(src.cxx.obj):src.cxx:(.text+0x35): undefined reference to `pthread_create'
CMakeFiles\cmTC_bb2ab.dir/objects.a(src.cxx.obj):src.cxx:(.text+0x41): undefined reference to `pthread_detach'
CMakeFiles\cmTC_bb2ab.dir/objects.a(src.cxx.obj):src.cxx:(.text+0x4d): undefined reference to `pthread_cancel'
CMakeFiles\cmTC_bb2ab.dir/objects.a(src.cxx.obj):src.cxx:(.text+0x5e): undefined reference to `pthread_join'
CMakeFiles\cmTC_bb2ab.dir/objects.a(src.cxx.obj):src.cxx:(.text+0x68): undefined reference to `pthread_exit'
collect2.exe: error: ld returned 1 exit status
mingw32-make.exe[1]: *** [CMakeFiles\cmTC_bb2ab.dir\build.make:107: cmTC_bb2ab.exe] Error 1
mingw32-make.exe[1]: Leaving directory 'C:/Users/Price/Desktop/Codes/21_DSCourseProject_CampusGuide/build/CMakeFiles/CMakeTmp'
mingw32-make.exe: *** [Makefile:139: cmTC_bb2ab/fast] Error 2


Source file was:
#include <pthread.h>

static void* test_func(void* data)
{
  return data;
}

int main(void)
{
  pthread_t thread;
  pthread_create(&thread, NULL, test_func, NULL);
  pthread_detach(thread);
  pthread_cancel(thread);
  pthread_join(thread, NULL);
  pthread_atfork(NULL, NULL, NULL);
  pthread_exit(NULL);

  return 0;
}

